<?xml version="1.0" encoding="UTF-8"?>
<!-- Generated by org.testng.reporters.JUnitReportReporter -->
<testsuite hostname="DESKTOP-D8UJD9S" failures="0" tests="4" name="myTestcases.Signup" time="20.553" errors="0" timestamp="2024-01-30T17:27:33 EET" skipped="0">
  <testcase classname="myTestcases.Signup" name="myFirstTest" time="9.132"/>
  <system-out/>
  <testcase classname="myTestcases.Signup" name="Logout" time="2.281"/>
  <system-out/>
  <testcase classname="myTestcases.Signup" name="LogInProcess" time="7.638"/>
  <system-out/>
  <testcase classname="myTestcases.Signup" name="AddToCart" time="1.502"/>
  <system-out/>
</testsuite> <!-- myTestcases.Signup -->
